# JRE version: OpenJDK Runtime Environment (8.0_111-b14) (build 1.8.0_111-8u111-b14-3~14.04.1-b14)
# Java VM: OpenJDK 64-Bit Server VM (25.111-b14 mixed mode linux-amd64 compressed oops)
Heap:
 PSYoungGen      total 157184K, used 79305K [0x00000000f1500000, 0x0000000100000000, 0x0000000100000000)
  eden space 77312K, 0% used [0x00000000f1500000,0x00000000f1500000,0x00000000f6080000)
  from space 79872K, 99% used [0x00000000f6080000,0x00000000fadf2428,0x00000000fae80000)
  to   space 79872K, 0% used [0x00000000fb200000,0x00000000fb200000,0x0000000100000000)
 ParOldGen       total 321024K, used 320958K [0x00000000d3e00000, 0x00000000e7780000, 0x00000000f1500000)
  object space 321024K, 99% used [0x00000000d3e00000,0x00000000e776fb28,0x00000000e7780000)
 Metaspace       used 6352K, capacity 6576K, committed 6656K, reserved 1056768K
  class space    used 718K, capacity 760K, committed 768K, reserved 1048576K
GC Heap History (10 events):
Event: 88.011 GC heap after
Heap after GC invocations=14 (full 4):
 PSYoungGen      total 136704K, used 73728K [0x00000000f1500000, 0x00000000fe880000, 0x0000000100000000)
  eden space 56832K, 0% used [0x00000000f1500000,0x00000000f1500000,0x00000000f4c80000)
  from space 79872K, 92% used [0x00000000f9a80000,0x00000000fe280010,0x00000000fe880000)
  to   space 79872K, 0% used [0x00000000f4c80000,0x00000000f4c80000,0x00000000f9a80000)
 ParOldGen       total 223232K, used 153255K [0x00000000d3e00000, 0x00000000e1800000, 0x00000000f1500000)
  object space 223232K, 68% used [0x00000000d3e00000,0x00000000dd3a9fb8,0x00000000e1800000)
 Metaspace       used 6332K, capacity 6576K, committed 6656K, reserved 1056768K
  class space    used 718K, capacity 760K, committed 768K, reserved 1048576K
}
Event: 88.125 GC heap before
{Heap before GC invocations=15 (full 4):
 PSYoungGen      total 136704K, used 130560K [0x00000000f1500000, 0x00000000fe880000, 0x0000000100000000)
  eden space 56832K, 100% used [0x00000000f1500000,0x00000000f4c80000,0x00000000f4c80000)
  from space 79872K, 92% used [0x00000000f9a80000,0x00000000fe280010,0x00000000fe880000)
  to   space 79872K, 0% used [0x00000000f4c80000,0x00000000f4c80000,0x00000000f9a80000)
 ParOldGen       total 223232K, used 153255K [0x00000000d3e00000, 0x00000000e1800000, 0x00000000f1500000)
  object space 223232K, 68% used [0x00000000d3e00000,0x00000000dd3a9fb8,0x00000000e1800000)
 Metaspace       used 6332K, capacity 6576K, committed 6656K, reserved 1056768K
  class space    used 718K, capacity 760K, committed 768K, reserved 1048576K
Event: 91.042 GC heap after
Heap after GC invocations=15 (full 4):
 PSYoungGen      total 136704K, used 79840K [0x00000000f1500000, 0x00000000ffc80000, 0x0000000100000000)
  eden space 56832K, 0% used [0x00000000f1500000,0x00000000f1500000,0x00000000f4c80000)
  from space 79872K, 99% used [0x00000000f4c80000,0x00000000f9a78010,0x00000000f9a80000)
  to   space 79872K, 0% used [0x00000000fae80000,0x00000000fae80000,0x00000000ffc80000)
 ParOldGen       total 223232K, used 203319K [0x00000000d3e00000, 0x00000000e1800000, 0x00000000f1500000)
  object space 223232K, 91% used [0x00000000d3e00000,0x00000000e048dfb8,0x00000000e1800000)
 Metaspace       used 6332K, capacity 6576K, committed 6656K, reserved 1056768K
  class space    used 718K, capacity 760K, committed 768K, reserved 1048576K
}
Event: 91.042 GC heap before
{Heap before GC invocations=16 (full 5):
 PSYoungGen      total 136704K, used 79840K [0x00000000f1500000, 0x00000000ffc80000, 0x0000000100000000)
  eden space 56832K, 0% used [0x00000000f1500000,0x00000000f1500000,0x00000000f4c80000)
  from space 79872K, 99% used [0x00000000f4c80000,0x00000000f9a78010,0x00000000f9a80000)
  to   space 79872K, 0% used [0x00000000fae80000,0x00000000fae80000,0x00000000ffc80000)
 ParOldGen       total 223232K, used 203319K [0x00000000d3e00000, 0x00000000e1800000, 0x00000000f1500000)
  object space 223232K, 91% used [0x00000000d3e00000,0x00000000e048dfb8,0x00000000e1800000)
 Metaspace       used 6332K, capacity 6576K, committed 6656K, reserved 1056768K
  class space    used 718K, capacity 760K, committed 768K, reserved 1048576K
Event: 96.169 GC heap after
Heap after GC invocations=16 (full 5):
 PSYoungGen      total 136704K, used 57277K [0x00000000f1500000, 0x00000000ffc80000, 0x0000000100000000)
  eden space 56832K, 0% used [0x00000000f1500000,0x00000000f1500000,0x00000000f4c80000)
  from space 79872K, 71% used [0x00000000f4c80000,0x00000000f846f560,0x00000000f9a80000)
  to   space 79872K, 0% used [0x00000000fae80000,0x00000000fae80000,0x00000000ffc80000)
 ParOldGen       total 310784K, used 223079K [0x00000000d3e00000, 0x00000000e6d80000, 0x00000000f1500000)
  object space 310784K, 71% used [0x00000000d3e00000,0x00000000e17d9e20,0x00000000e6d80000)
 Metaspace       used 6332K, capacity 6576K, committed 6656K, reserved 1056768K
  class space    used 718K, capacity 760K, committed 768K, reserved 1048576K
}
Event: 96.208 GC heap before
{Heap before GC invocations=17 (full 5):
 PSYoungGen      total 136704K, used 114109K [0x00000000f1500000, 0x00000000ffc80000, 0x0000000100000000)
  eden space 56832K, 100% used [0x00000000f1500000,0x00000000f4c80000,0x00000000f4c80000)
  from space 79872K, 71% used [0x00000000f4c80000,0x00000000f846f560,0x00000000f9a80000)
  to   space 79872K, 0% used [0x00000000fae80000,0x00000000fae80000,0x00000000ffc80000)
 ParOldGen       total 310784K, used 223079K [0x00000000d3e00000, 0x00000000e6d80000, 0x00000000f1500000)
  object space 310784K, 71% used [0x00000000d3e00000,0x00000000e17d9e20,0x00000000e6d80000)
 Metaspace       used 6332K, capacity 6576K, committed 6656K, reserved 1056768K
  class space    used 718K, capacity 760K, committed 768K, reserved 1048576K
Event: 101.659 GC heap after
Heap after GC invocations=17 (full 5):
 PSYoungGen      total 156160K, used 79872K [0x00000000f1500000, 0x00000000ffc80000, 0x0000000100000000)
  eden space 76288K, 0% used [0x00000000f1500000,0x00000000f1500000,0x00000000f5f80000)
  from space 79872K, 100% used [0x00000000fae80000,0x00000000ffc80000,0x00000000ffc80000)
  to   space 79872K, 0% used [0x00000000f6080000,0x00000000f6080000,0x00000000fae80000)
 ParOldGen       total 310784K, used 256223K [0x00000000d3e00000, 0x00000000e6d80000, 0x00000000f1500000)
  object space 310784K, 82% used [0x00000000d3e00000,0x00000000e3837e20,0x00000000e6d80000)
 Metaspace       used 6332K, capacity 6576K, committed 6656K, reserved 1056768K
  class space    used 718K, capacity 760K, committed 768K, reserved 1048576K
}
Event: 101.982 GC heap before
{Heap before GC invocations=18 (full 5):
 PSYoungGen      total 156160K, used 152004K [0x00000000f1500000, 0x00000000ffc80000, 0x0000000100000000)
  eden space 76288K, 94% used [0x00000000f1500000,0x00000000f5b71088,0x00000000f5f80000)
  from space 79872K, 100% used [0x00000000fae80000,0x00000000ffc80000,0x00000000ffc80000)
  to   space 79872K, 0% used [0x00000000f6080000,0x00000000f6080000,0x00000000fae80000)
 ParOldGen       total 310784K, used 256223K [0x00000000d3e00000, 0x00000000e6d80000, 0x00000000f1500000)
  object space 310784K, 82% used [0x00000000d3e00000,0x00000000e3837e20,0x00000000e6d80000)
 Metaspace       used 6352K, capacity 6576K, committed 6656K, reserved 1056768K
  class space    used 718K, capacity 760K, committed 768K, reserved 1048576K
Event: 113.375 GC heap after
Heap after GC invocations=18 (full 5):
 PSYoungGen      total 157184K, used 79872K [0x00000000f1500000, 0x0000000100000000, 0x0000000100000000)
  eden space 77312K, 0% used [0x00000000f1500000,0x00000000f1500000,0x00000000f6080000)
  from space 79872K, 100% used [0x00000000f6080000,0x00000000fae80000,0x00000000fae80000)
  to   space 79872K, 0% used [0x00000000fb200000,0x00000000fb200000,0x0000000100000000)
 ParOldGen       total 321024K, used 320855K [0x00000000d3e00000, 0x00000000e7780000, 0x00000000f1500000)
  object space 321024K, 99% used [0x00000000d3e00000,0x00000000e7755e20,0x00000000e7780000)
 Metaspace       used 6352K, capacity 6576K, committed 6656K, reserved 1056768K
  class space    used 718K, capacity 760K, committed 768K, reserved 1048576K
}
Event: 113.375 GC heap before
{Heap before GC invocations=19 (full 6):
 PSYoungGen      total 157184K, used 79872K [0x00000000f1500000, 0x0000000100000000, 0x0000000100000000)
  eden space 77312K, 0% used [0x00000000f1500000,0x00000000f1500000,0x00000000f6080000)
  from space 79872K, 100% used [0x00000000f6080000,0x00000000fae80000,0x00000000fae80000)
  to   space 79872K, 0% used [0x00000000fb200000,0x00000000fb200000,0x0000000100000000)
 ParOldGen       total 321024K, used 320855K [0x00000000d3e00000, 0x00000000e7780000, 0x00000000f1500000)
  object space 321024K, 99% used [0x00000000d3e00000,0x00000000e7755e20,0x00000000e7780000)
 Metaspace       used 6352K, capacity 6576K, committed 6656K, reserved 1056768K
  class space    used 718K, capacity 760K, committed 768K, reserved 1048576K

